{
  "RSpec": {
    "coverage": {
      "/Users/kdhubbard/mod_2/lessons/my_set_list/app/models/artist.rb": {
        "lines": [
          1,
          1,
          null,
          1,
          3,
          null,
          null
        ]
      },
      "/Users/kdhubbard/mod_2/lessons/my_set_list/app/models/application_record.rb": {
        "lines": [
          1,
          1,
          null
        ]
      },
      "/Users/kdhubbard/mod_2/lessons/my_set_list/app/models/song.rb": {
        "lines": [
          1,
          1,
          null
        ]
      },
      "/Users/kdhubbard/mod_2/lessons/my_set_list/app/controllers/artist_songs_controller.rb": {
        "lines": [
          1,
          1,
          3,
          3,
          null,
          null
        ]
      },
      "/Users/kdhubbard/mod_2/lessons/my_set_list/app/controllers/application_controller.rb": {
        "lines": [
          1,
          null
        ]
      },
      "/Users/kdhubbard/mod_2/lessons/my_set_list/app/controllers/songs_controller.rb": {
        "lines": [
          1,
          1,
          0,
          null,
          null,
          1,
          1,
          null,
          null
        ]
      }
    },
    "timestamp": 1683757611
  }
}
