{
  "RSpec": {
    "coverage": {
      "/Users/kdhubbard/mod_2/lessons/my_set_list/app/models/artist.rb": {
        "lines": [
          1,
          1,
          null,
          1,
          1,
          null,
          null
        ]
      },
      "/Users/kdhubbard/mod_2/lessons/my_set_list/app/models/application_record.rb": {
        "lines": [
          1,
          1,
          null
        ]
      },
      "/Users/kdhubbard/mod_2/lessons/my_set_list/spec/models/song_spec.rb": {
        "lines": [
          1,
          null,
          1,
          2,
          null
        ]
      },
      "/Users/kdhubbard/mod_2/lessons/my_set_list/app/models/song.rb": {
        "lines": [
          1,
          1,
          null
        ]
      }
    },
    "timestamp": 1683757560
  }
}
